#
# A fatal error has been detected by the Java Runtime Environment:
#
#  EXCEPTION_ACCESS_VIOLATION (0xc0000005) at pc=0x0000021884391066, pid=8588, tid=12108
#
# JRE version: OpenJDK Runtime Environment Corretto-11.0.11.9.1 (11.0.11+9) (build 11.0.11+9-LTS)
# Java VM: OpenJDK 64-Bit Server VM Corretto-11.0.11.9.1 (11.0.11+9-LTS, mixed mode, tiered, compressed oops, g1 gc, windows-amd64)
# Problematic frame:
# C  [OpenAL64.dll+0x11066]
#
# No core dump will be written. Minidumps are not enabled by default on client versions of Windows
#
# If you would like to submit a bug report, please visit:
#   https://github.com/corretto/corretto-11/issues/
# The crash happened outside the Java Virtual Machine in native code.
# See problematic frame for where to report the bug.
#

---------------  S U M M A R Y ------------

Command Line: -Djava.library.path=C:\Users\DCV\Documents\Projects\GameEngine\native -javaagent:C:\Program Files\JetBrains\IntelliJ IDEA Community Edition 2020.3.2\lib\idea_rt.jar=51148:C:\Program Files\JetBrains\IntelliJ IDEA Community Edition 2020.3.2\bin -Dfile.encoding=UTF-8 at.ran.games.RocketGame.Main

Host: Intel(R) Core(TM) i5-8350U CPU @ 1.70GHz, 8 cores, 7G,  Windows 10 , 64 bit Build 19041 (10.0.19041.928)
Time: Wed May 12 19:24:34 2021 Mitteleuropäische Sommerzeit elapsed time: 0.954802 seconds (0d 0h 0m 0s)

---------------  T H R E A D  ---------------

Current thread (0x00000218da0f8000):  JavaThread "main" [_thread_in_native, id=12108, stack(0x0000006e36200000,0x0000006e36300000)]

Stack: [0x0000006e36200000,0x0000006e36300000],  sp=0x0000006e362fd210,  free space=1012k
Native frames: (J=compiled Java code, j=interpreted, Vv=VM code, C=native code)
C  [OpenAL64.dll+0x11066]

Java frames: (J=compiled Java code, j=interpreted, Vv=VM code)
j  org.lwjgl.openal.ALC10.nalcCreateContext(JJ)J+0
j  org.lwjgl.openal.ALC10.alcCreateContext(Lorg/lwjgl/openal/ALCdevice;Ljava/nio/IntBuffer;)Lorg/lwjgl/openal/ALCcontext;+8
j  org.lwjgl.openal.AL.init(Ljava/lang/String;IIZZ)V+69
j  org.lwjgl.openal.AL.create(Ljava/lang/String;IIZZ)V+246
j  org.lwjgl.openal.AL.create(Ljava/lang/String;IIZ)V+5
j  org.lwjgl.openal.AL.create()V+6
j  org.newdawn.slick.openal.SoundStore$1.run()Ljava/lang/Object;+0
v  ~StubRoutines::call_stub
j  java.security.AccessController.doPrivileged(Ljava/security/PrivilegedAction;)Ljava/lang/Object;+0 java.base@11.0.11
j  org.newdawn.slick.openal.SoundStore.init()V+26
j  org.newdawn.slick.Sound.<init>(Ljava/lang/String;)V+7
j  at.ran.games.RocketGame.Main.init(Lorg/newdawn/slick/GameContainer;)V+159
j  org.newdawn.slick.AppGameContainer.setup()V+170
j  org.newdawn.slick.AppGameContainer.start()V+1
j  at.ran.games.RocketGame.Main.main([Ljava/lang/String;)V+40
v  ~StubRoutines::call_stub

siginfo: EXCEPTION_ACCESS_VIOLATION (0xc0000005), reading address 0x00000218fab4d004


Register to memory mapping:

RIP=0x0000021884391066 OpenAL64.dll
RAX=0x0000000000000004 is an unknown value
RBX=0x0000021886780090 points into unknown readable memory: 0x0000000100000002 | 02 00 00 00 01 00 00 00
RCX=0x00000218fab4d008 is an unknown value
RDX=0x00000218fab4d004 is an unknown value
RSP=0x0000006e362fd210 is pointing into the stack for thread: 0x00000218da0f8000
RBP=0x00000000000000ff is an unknown value
RSI=0x00000218fab4ae2c points into unknown readable memory: 18 02 00 00
RDI=0x0 is NULL
R8 =0x0000000000000876 is an unknown value
R9 =0x00000218fab4ae2c points into unknown readable memory: 18 02 00 00
R10=0x00000218e281f2a8 is at code_begin+1000 in an Interpreter codelet
method entry point (kind = native)  [0x00000218e281eec0, 0x00000218e281f960]  2720 bytes
R11=0x000000008979e058 is an oop: java.lang.Class 
{0x000000008979e058} - klass: 'java/lang/Class'
R12=0x0000000000000001 is an unknown value
R13={method} {0x0000021886643810} 'nalcCreateContext' '(JJ)J' in 'org/lwjgl/openal/ALC10'
R14=0x0000006e362fd3b0 is pointing into the stack for thread: 0x00000218da0f8000
R15=0x00000218da0f8000 is a thread


Registers:
RAX=0x0000000000000004, RBX=0x0000021886780090, RCX=0x00000218fab4d008, RDX=0x00000218fab4d004
RSP=0x0000006e362fd210, RBP=0x00000000000000ff, RSI=0x00000218fab4ae2c, RDI=0x0000000000000000
R8 =0x0000000000000876, R9 =0x00000218fab4ae2c, R10=0x00000218e281f2a8, R11=0x000000008979e058
R12=0x0000000000000001, R13=0x0000021886643808, R14=0x0000006e362fd3b0, R15=0x00000218da0f8000
RIP=0x0000021884391066, EFLAGS=0x0000000000010202

Top of Stack: (sp=0x0000006e362fd210)
0x0000006e362fd210:   00000218da0f8ad0 0000002800000003
0x0000006e362fd220:   00000218da0f8000 0000006e362fd3b0
0x0000006e362fd230:   0000021886643808 00007ffde2d4cc99
0x0000006e362fd240:   0000000000000010 00000000000028e8
0x0000006e362fd250:   00000218da0f8000 00000218da0f8000
0x0000006e362fd260:   0000006e362fd990 00007ffde2f39023
0x0000006e362fd270:   0000006e362fd290 00000218da0f8000
0x0000006e362fd280:   00000218da0f8000 0000006e362fd3b0
0x0000006e362fd290:   0000021886643808 0000000000000000
0x0000006e362fd2a0:   00000218fab4ae2c 00000000000028e8
0x0000006e362fd2b0:   0000006e362fd378 000002188439248f
0x0000006e362fd2c0:   0000021886780090 0000021886780090
0x0000006e362fd2d0:   000002180000ac44 0000021800000004
0x0000006e362fd2e0:   0000000000000010 00000218e281f2d7
0x0000006e362fd2f0:   0000021886643808 00000218e281efbc
0x0000006e362fd300:   00000218da0f8000 0000021886643808 

Instructions: (pc=0x0000021884391066)
0x0000021884390f66:   b0 00 00 00 0f ba a3 fc 00 00 00 1f 44 89 9c 24
0x0000021884390f76:   b0 00 00 00 73 15 48 8b 83 f8 61 01 00 48 8b cb
0x0000021884390f86:   ff 50 20 44 8b 9c 24 b0 00 00 00 0f ba b3 fc 00
0x0000021884390f96:   00 00 1f 44 89 7b 38 44 89 6b 44 44 89 73 48 e9
0x0000021884390fa6:   56 01 00 00 83 3d 4f 94 04 00 02 0f 8c 8e fe ff
0x0000021884390fb6:   ff 4c 8d 05 a2 2c 03 00 e9 6f fe ff ff 48 3b d7
0x0000021884390fc6:   0f 84 3f 01 00 00 39 3a 0f 84 37 01 00 00 0f ba
0x0000021884390fd6:   a1 fc 00 00 00 1f 73 0a 48 8b 81 f8 61 01 00 ff
0x0000021884390fe6:   50 20 8b 43 38 0f ba b3 fc 00 00 00 1f 8b 6b 64
0x0000021884390ff6:   44 8b 63 68 89 84 24 c0 00 00 00 8b 43 6c 89 84
0x0000021884391006:   24 c8 00 00 00 4c 8b c7 39 3e 74 58 48 8b d6 48
0x0000021884391016:   8d 4e 04 81 3a 07 10 00 00 75 10 8b 01 83 8b fc
0x0000021884391026:   00 00 00 02 89 84 24 c0 00 00 00 81 3a 11 10 00
0x0000021884391036:   00 75 10 8b 6b 5c 44 8b 21 44 3b e5 44 0f 47 e5
0x0000021884391046:   41 2b ec 81 3a 03 00 02 00 75 09 8b 01 89 84 24
0x0000021884391056:   c8 00 00 00 49 83 c0 02 48 83 c1 08 4a 8d 14 86
0x0000021884391066:   39 3a 75 af 4c 8d 84 24 c0 00 00 00 48 8d 15 d7
0x0000021884391076:   2b 03 00 33 c9 e8 58 5f 00 00 b8 40 1f 00 00 4c
0x0000021884391086:   8d 84 24 c8 00 00 00 39 84 24 c0 00 00 00 48 8d
0x0000021884391096:   15 e9 2b 03 00 0f 47 84 24 c0 00 00 00 33 c9 89
0x00000218843910a6:   84 24 c0 00 00 00 e8 27 5f 00 00 8b 43 3c 44 8b
0x00000218843910b6:   84 24 c0 00 00 00 8b 4b 38 41 bb 04 00 00 00 44
0x00000218843910c6:   39 9c 24 c8 00 00 00 44 0f 42 9c 24 c8 00 00 00
0x00000218843910d6:   33 d2 44 89 9c 24 c8 00 00 00 49 0f af c0 48 f7
0x00000218843910e6:   f1 89 43 3c f6 05 43 b6 04 00 01 74 09 83 c0 03
0x00000218843910f6:   83 e0 fc 89 43 3c 44 89 43 38 44 89 5b 6c 44 89
0x0000021884391106:   63 68 89 6b 64 44 8b 9b fc 00 00 00 41 0f ba e3
0x0000021884391116:   1f 0f 82 6a 05 00 00 44 8b 6b 38 8b 6b 44 44 8b
0x0000021884391126:   63 48 41 bf 03 00 00 00 48 8d 35 5b 2b 03 00 4c
0x0000021884391136:   8d 35 80 dc 02 00 44 39 3d bd 92 04 00 0f 8c 81
0x0000021884391146:   00 00 00 4c 8d 15 88 28 03 00 4c 8d 35 f5 2a 03
0x0000021884391156:   00 41 f6 c3 02 4d 8b ca 41 8b cc 4d 0f 45 ce e8 


Stack slot to memory mapping:
stack at sp + 0 slots: 0x00000218da0f8ad0 points into unknown readable memory: 0x6e616c2e6176616a | 6a 61 76 61 2e 6c 61 6e
stack at sp + 1 slots: 0x0000002800000003 is an unknown value
stack at sp + 2 slots: 0x00000218da0f8000 is a thread
stack at sp + 3 slots: 0x0000006e362fd3b0 is pointing into the stack for thread: 0x00000218da0f8000
stack at sp + 4 slots: {method} {0x0000021886643810} 'nalcCreateContext' '(JJ)J' in 'org/lwjgl/openal/ALC10'
stack at sp + 5 slots: 0x00007ffde2d4cc99 jvm.dll
stack at sp + 6 slots: 0x0000000000000010 is an unknown value
stack at sp + 7 slots: 0x00000000000028e8 is an unknown value


---------------  P R O C E S S  ---------------

Threads class SMR info:
_java_thread_list=0x00000218fab439d0, length=13, elements={
0x00000218da0f8000, 0x00000218f9766000, 0x00000218f976f800, 0x00000218fa112800,
0x00000218f977c800, 0x00000218f977e000, 0x00000218f978b000, 0x00000218f9790800,
0x00000218f9794800, 0x00000218f96fb800, 0x00000218fa3be000, 0x00000218facc1800,
0x00000218fa9d0000
}

Java Threads: ( => current thread )
=>0x00000218da0f8000 JavaThread "main" [_thread_in_native, id=12108, stack(0x0000006e36200000,0x0000006e36300000)]
  0x00000218f9766000 JavaThread "Reference Handler" daemon [_thread_blocked, id=9116, stack(0x0000006e36900000,0x0000006e36a00000)]
  0x00000218f976f800 JavaThread "Finalizer" daemon [_thread_blocked, id=10196, stack(0x0000006e36a00000,0x0000006e36b00000)]
  0x00000218fa112800 JavaThread "Signal Dispatcher" daemon [_thread_blocked, id=10328, stack(0x0000006e36b00000,0x0000006e36c00000)]
  0x00000218f977c800 JavaThread "Attach Listener" daemon [_thread_blocked, id=13104, stack(0x0000006e36c00000,0x0000006e36d00000)]
  0x00000218f977e000 JavaThread "Service Thread" daemon [_thread_blocked, id=9456, stack(0x0000006e36d00000,0x0000006e36e00000)]
  0x00000218f978b000 JavaThread "C2 CompilerThread0" daemon [_thread_blocked, id=13064, stack(0x0000006e36e00000,0x0000006e36f00000)]
  0x00000218f9790800 JavaThread "C1 CompilerThread0" daemon [_thread_blocked, id=9804, stack(0x0000006e36f00000,0x0000006e37000000)]
  0x00000218f9794800 JavaThread "Sweeper thread" daemon [_thread_blocked, id=10036, stack(0x0000006e37000000,0x0000006e37100000)]
  0x00000218f96fb800 JavaThread "Common-Cleaner" daemon [_thread_blocked, id=6472, stack(0x0000006e37100000,0x0000006e37200000)]
  0x00000218fa3be000 JavaThread "Monitor Ctrl-Break" daemon [_thread_in_native, id=3680, stack(0x0000006e37200000,0x0000006e37300000)]
  0x00000218facc1800 JavaThread "C2 CompilerThread1" daemon [_thread_blocked, id=10716, stack(0x0000006e37800000,0x0000006e37900000)]
  0x00000218fa9d0000 JavaThread "Thread-2" daemon [_thread_in_native, id=10032, stack(0x0000006e37b00000,0x0000006e37c00000)]

Other Threads:
  0x00000218f9764000 VMThread "VM Thread" [stack: 0x0000006e36800000,0x0000006e36900000] [id=12552]
  0x00000218fa3be800 WatcherThread [stack: 0x0000006e37300000,0x0000006e37400000] [id=2496]
  0x00000218da10f800 GCTaskThread "GC Thread#0" [stack: 0x0000006e36300000,0x0000006e36400000] [id=12348]
  0x00000218da145000 ConcurrentGCThread "G1 Main Marker" [stack: 0x0000006e36400000,0x0000006e36500000] [id=4552]
  0x00000218da146800 ConcurrentGCThread "G1 Conc#0" [stack: 0x0000006e36500000,0x0000006e36600000] [id=3600]
  0x00000218da1d8800 ConcurrentGCThread "G1 Refine#0" [stack: 0x0000006e36600000,0x0000006e36700000] [id=12704]
  0x00000218f95b1800 ConcurrentGCThread "G1 Young RemSet Sampling" [stack: 0x0000006e36700000,0x0000006e36800000] [id=5140]

Threads with active compile tasks:

VM state:not at safepoint (normal execution)

VM Mutex/Monitor currently owned by a thread: None

Heap address: 0x0000000082600000, size: 2010 MB, Compressed Oops mode: 32-bit
Narrow klass base: 0x0000000000000000, Narrow klass shift: 3
Compressed class space size: 1073741824 Address: 0x0000000100000000

Heap:
 garbage-first heap   total 129024K, used 12288K [0x0000000082600000, 0x0000000100000000)
  region size 1024K, 14 young (14336K), 0 survivors (0K)
 Metaspace       used 12384K, capacity 12576K, committed 12800K, reserved 1060864K
  class space    used 1091K, capacity 1175K, committed 1280K, reserved 1048576K
Heap Regions: E=young(eden), S=young(survivor), O=old, HS=humongous(starts), HC=humongous(continues), CS=collection set, F=free, A=archive, TAMS=top-at-mark-start (previous, next)
|   0|0x0000000082600000, 0x0000000082600000, 0x0000000082700000|  0%| F|  |TAMS 0x0000000082600000, 0x0000000082600000| Untracked 
|   1|0x0000000082700000, 0x0000000082700000, 0x0000000082800000|  0%| F|  |TAMS 0x0000000082700000, 0x0000000082700000| Untracked 
|   2|0x0000000082800000, 0x0000000082800000, 0x0000000082900000|  0%| F|  |TAMS 0x0000000082800000, 0x0000000082800000| Untracked 
|   3|0x0000000082900000, 0x0000000082900000, 0x0000000082a00000|  0%| F|  |TAMS 0x0000000082900000, 0x0000000082900000| Untracked 
|   4|0x0000000082a00000, 0x0000000082a00000, 0x0000000082b00000|  0%| F|  |TAMS 0x0000000082a00000, 0x0000000082a00000| Untracked 
|   5|0x0000000082b00000, 0x0000000082b00000, 0x0000000082c00000|  0%| F|  |TAMS 0x0000000082b00000, 0x0000000082b00000| Untracked 
|   6|0x0000000082c00000, 0x0000000082c00000, 0x0000000082d00000|  0%| F|  |TAMS 0x0000000082c00000, 0x0000000082c00000| Untracked 
|   7|0x0000000082d00000, 0x0000000082d00000, 0x0000000082e00000|  0%| F|  |TAMS 0x0000000082d00000, 0x0000000082d00000| Untracked 
|   8|0x0000000082e00000, 0x0000000082e00000, 0x0000000082f00000|  0%| F|  |TAMS 0x0000000082e00000, 0x0000000082e00000| Untracked 
|   9|0x0000000082f00000, 0x0000000082f00000, 0x0000000083000000|  0%| F|  |TAMS 0x0000000082f00000, 0x0000000082f00000| Untracked 
|  10|0x0000000083000000, 0x0000000083000000, 0x0000000083100000|  0%| F|  |TAMS 0x0000000083000000, 0x0000000083000000| Untracked 
|  11|0x0000000083100000, 0x0000000083100000, 0x0000000083200000|  0%| F|  |TAMS 0x0000000083100000, 0x0000000083100000| Untracked 
|  12|0x0000000083200000, 0x0000000083200000, 0x0000000083300000|  0%| F|  |TAMS 0x0000000083200000, 0x0000000083200000| Untracked 
|  13|0x0000000083300000, 0x0000000083300000, 0x0000000083400000|  0%| F|  |TAMS 0x0000000083300000, 0x0000000083300000| Untracked 
|  14|0x0000000083400000, 0x0000000083400000, 0x0000000083500000|  0%| F|  |TAMS 0x0000000083400000, 0x0000000083400000| Untracked 
|  15|0x0000000083500000, 0x0000000083500000, 0x0000000083600000|  0%| F|  |TAMS 0x0000000083500000, 0x0000000083500000| Untracked 
|  16|0x0000000083600000, 0x0000000083600000, 0x0000000083700000|  0%| F|  |TAMS 0x0000000083600000, 0x0000000083600000| Untracked 
|  17|0x0000000083700000, 0x0000000083700000, 0x0000000083800000|  0%| F|  |TAMS 0x0000000083700000, 0x0000000083700000| Untracked 
|  18|0x0000000083800000, 0x0000000083800000, 0x0000000083900000|  0%| F|  |TAMS 0x0000000083800000, 0x0000000083800000| Untracked 
|  19|0x0000000083900000, 0x0000000083900000, 0x0000000083a00000|  0%| F|  |TAMS 0x0000000083900000, 0x0000000083900000| Untracked 
|  20|0x0000000083a00000, 0x0000000083a00000, 0x0000000083b00000|  0%| F|  |TAMS 0x0000000083a00000, 0x0000000083a00000| Untracked 
|  21|0x0000000083b00000, 0x0000000083b00000, 0x0000000083c00000|  0%| F|  |TAMS 0x0000000083b00000, 0x0000000083b00000| Untracked 
|  22|0x0000000083c00000, 0x0000000083c00000, 0x0000000083d00000|  0%| F|  |TAMS 0x0000000083c00000, 0x0000000083c00000| Untracked 
|  23|0x0000000083d00000, 0x0000000083d00000, 0x0000000083e00000|  0%| F|  |TAMS 0x0000000083d00000, 0x0000000083d00000| Untracked 
|  24|0x0000000083e00000, 0x0000000083e00000, 0x0000000083f00000|  0%| F|  |TAMS 0x0000000083e00000, 0x0000000083e00000| Untracked 
|  25|0x0000000083f00000, 0x0000000083f00000, 0x0000000084000000|  0%| F|  |TAMS 0x0000000083f00000, 0x0000000083f00000| Untracked 
|  26|0x0000000084000000, 0x0000000084000000, 0x0000000084100000|  0%| F|  |TAMS 0x0000000084000000, 0x0000000084000000| Untracked 
|  27|0x0000000084100000, 0x0000000084100000, 0x0000000084200000|  0%| F|  |TAMS 0x0000000084100000, 0x0000000084100000| Untracked 
|  28|0x0000000084200000, 0x0000000084200000, 0x0000000084300000|  0%| F|  |TAMS 0x0000000084200000, 0x0000000084200000| Untracked 
|  29|0x0000000084300000, 0x0000000084300000, 0x0000000084400000|  0%| F|  |TAMS 0x0000000084300000, 0x0000000084300000| Untracked 
|  30|0x0000000084400000, 0x0000000084400000, 0x0000000084500000|  0%| F|  |TAMS 0x0000000084400000, 0x0000000084400000| Untracked 
|  31|0x0000000084500000, 0x0000000084500000, 0x0000000084600000|  0%| F|  |TAMS 0x0000000084500000, 0x0000000084500000| Untracked 
|  32|0x0000000084600000, 0x0000000084600000, 0x0000000084700000|  0%| F|  |TAMS 0x0000000084600000, 0x0000000084600000| Untracked 
|  33|0x0000000084700000, 0x0000000084700000, 0x0000000084800000|  0%| F|  |TAMS 0x0000000084700000, 0x0000000084700000| Untracked 
|  34|0x0000000084800000, 0x0000000084800000, 0x0000000084900000|  0%| F|  |TAMS 0x0000000084800000, 0x0000000084800000| Untracked 
|  35|0x0000000084900000, 0x0000000084900000, 0x0000000084a00000|  0%| F|  |TAMS 0x0000000084900000, 0x0000000084900000| Untracked 
|  36|0x0000000084a00000, 0x0000000084a00000, 0x0000000084b00000|  0%| F|  |TAMS 0x0000000084a00000, 0x0000000084a00000| Untracked 
|  37|0x0000000084b00000, 0x0000000084b00000, 0x0000000084c00000|  0%| F|  |TAMS 0x0000000084b00000, 0x0000000084b00000| Untracked 
|  38|0x0000000084c00000, 0x0000000084c00000, 0x0000000084d00000|  0%| F|  |TAMS 0x0000000084c00000, 0x0000000084c00000| Untracked 
|  39|0x0000000084d00000, 0x0000000084d00000, 0x0000000084e00000|  0%| F|  |TAMS 0x0000000084d00000, 0x0000000084d00000| Untracked 
|  40|0x0000000084e00000, 0x0000000084e00000, 0x0000000084f00000|  0%| F|  |TAMS 0x0000000084e00000, 0x0000000084e00000| Untracked 
|  41|0x0000000084f00000, 0x0000000084f00000, 0x0000000085000000|  0%| F|  |TAMS 0x0000000084f00000, 0x0000000084f00000| Untracked 
|  42|0x0000000085000000, 0x0000000085000000, 0x0000000085100000|  0%| F|  |TAMS 0x0000000085000000, 0x0000000085000000| Untracked 
|  43|0x0000000085100000, 0x0000000085100000, 0x0000000085200000|  0%| F|  |TAMS 0x0000000085100000, 0x0000000085100000| Untracked 
|  44|0x0000000085200000, 0x0000000085200000, 0x0000000085300000|  0%| F|  |TAMS 0x0000000085200000, 0x0000000085200000| Untracked 
|  45|0x0000000085300000, 0x0000000085300000, 0x0000000085400000|  0%| F|  |TAMS 0x0000000085300000, 0x0000000085300000| Untracked 
|  46|0x0000000085400000, 0x0000000085400000, 0x0000000085500000|  0%| F|  |TAMS 0x0000000085400000, 0x0000000085400000| Untracked 
|  47|0x0000000085500000, 0x0000000085500000, 0x0000000085600000|  0%| F|  |TAMS 0x0000000085500000, 0x0000000085500000| Untracked 
|  48|0x0000000085600000, 0x0000000085600000, 0x0000000085700000|  0%| F|  |TAMS 0x0000000085600000, 0x0000000085600000| Untracked 
|  49|0x0000000085700000, 0x0000000085700000, 0x0000000085800000|  0%| F|  |TAMS 0x0000000085700000, 0x0000000085700000| Untracked 
|  50|0x0000000085800000, 0x0000000085800000, 0x0000000085900000|  0%| F|  |TAMS 0x0000000085800000, 0x0000000085800000| Untracked 
|  51|0x0000000085900000, 0x0000000085900000, 0x0000000085a00000|  0%| F|  |TAMS 0x0000000085900000, 0x0000000085900000| Untracked 
|  52|0x0000000085a00000, 0x0000000085a00000, 0x0000000085b00000|  0%| F|  |TAMS 0x0000000085a00000, 0x0000000085a00000| Untracked 
|  53|0x0000000085b00000, 0x0000000085b00000, 0x0000000085c00000|  0%| F|  |TAMS 0x0000000085b00000, 0x0000000085b00000| Untracked 
|  54|0x0000000085c00000, 0x0000000085c00000, 0x0000000085d00000|  0%| F|  |TAMS 0x0000000085c00000, 0x0000000085c00000| Untracked 
|  55|0x0000000085d00000, 0x0000000085d00000, 0x0000000085e00000|  0%| F|  |TAMS 0x0000000085d00000, 0x0000000085d00000| Untracked 
|  56|0x0000000085e00000, 0x0000000085e00000, 0x0000000085f00000|  0%| F|  |TAMS 0x0000000085e00000, 0x0000000085e00000| Untracked 
|  57|0x0000000085f00000, 0x0000000085f00000, 0x0000000086000000|  0%| F|  |TAMS 0x0000000085f00000, 0x0000000085f00000| Untracked 
|  58|0x0000000086000000, 0x0000000086000000, 0x0000000086100000|  0%| F|  |TAMS 0x0000000086000000, 0x0000000086000000| Untracked 
|  59|0x0000000086100000, 0x0000000086100000, 0x0000000086200000|  0%| F|  |TAMS 0x0000000086100000, 0x0000000086100000| Untracked 
|  60|0x0000000086200000, 0x0000000086200000, 0x0000000086300000|  0%| F|  |TAMS 0x0000000086200000, 0x0000000086200000| Untracked 
|  61|0x0000000086300000, 0x0000000086300000, 0x0000000086400000|  0%| F|  |TAMS 0x0000000086300000, 0x0000000086300000| Untracked 
|  62|0x0000000086400000, 0x0000000086400000, 0x0000000086500000|  0%| F|  |TAMS 0x0000000086400000, 0x0000000086400000| Untracked 
|  63|0x0000000086500000, 0x0000000086500000, 0x0000000086600000|  0%| F|  |TAMS 0x0000000086500000, 0x0000000086500000| Untracked 
|  64|0x0000000086600000, 0x0000000086600000, 0x0000000086700000|  0%| F|  |TAMS 0x0000000086600000, 0x0000000086600000| Untracked 
|  65|0x0000000086700000, 0x0000000086700000, 0x0000000086800000|  0%| F|  |TAMS 0x0000000086700000, 0x0000000086700000| Untracked 
|  66|0x0000000086800000, 0x0000000086800000, 0x0000000086900000|  0%| F|  |TAMS 0x0000000086800000, 0x0000000086800000| Untracked 
|  67|0x0000000086900000, 0x0000000086900000, 0x0000000086a00000|  0%| F|  |TAMS 0x0000000086900000, 0x0000000086900000| Untracked 
|  68|0x0000000086a00000, 0x0000000086a00000, 0x0000000086b00000|  0%| F|  |TAMS 0x0000000086a00000, 0x0000000086a00000| Untracked 
|  69|0x0000000086b00000, 0x0000000086b00000, 0x0000000086c00000|  0%| F|  |TAMS 0x0000000086b00000, 0x0000000086b00000| Untracked 
|  70|0x0000000086c00000, 0x0000000086c00000, 0x0000000086d00000|  0%| F|  |TAMS 0x0000000086c00000, 0x0000000086c00000| Untracked 
|  71|0x0000000086d00000, 0x0000000086d00000, 0x0000000086e00000|  0%| F|  |TAMS 0x0000000086d00000, 0x0000000086d00000| Untracked 
|  72|0x0000000086e00000, 0x0000000086e00000, 0x0000000086f00000|  0%| F|  |TAMS 0x0000000086e00000, 0x0000000086e00000| Untracked 
|  73|0x0000000086f00000, 0x0000000086f00000, 0x0000000087000000|  0%| F|  |TAMS 0x0000000086f00000, 0x0000000086f00000| Untracked 
|  74|0x0000000087000000, 0x0000000087000000, 0x0000000087100000|  0%| F|  |TAMS 0x0000000087000000, 0x0000000087000000| Untracked 
|  75|0x0000000087100000, 0x0000000087100000, 0x0000000087200000|  0%| F|  |TAMS 0x0000000087100000, 0x0000000087100000| Untracked 
|  76|0x0000000087200000, 0x0000000087200000, 0x0000000087300000|  0%| F|  |TAMS 0x0000000087200000, 0x0000000087200000| Untracked 
|  77|0x0000000087300000, 0x0000000087300000, 0x0000000087400000|  0%| F|  |TAMS 0x0000000087300000, 0x0000000087300000| Untracked 
|  78|0x0000000087400000, 0x0000000087400000, 0x0000000087500000|  0%| F|  |TAMS 0x0000000087400000, 0x0000000087400000| Untracked 
|  79|0x0000000087500000, 0x0000000087500000, 0x0000000087600000|  0%| F|  |TAMS 0x0000000087500000, 0x0000000087500000| Untracked 
|  80|0x0000000087600000, 0x0000000087600000, 0x0000000087700000|  0%| F|  |TAMS 0x0000000087600000, 0x0000000087600000| Untracked 
|  81|0x0000000087700000, 0x0000000087700000, 0x0000000087800000|  0%| F|  |TAMS 0x0000000087700000, 0x0000000087700000| Untracked 
|  82|0x0000000087800000, 0x0000000087800000, 0x0000000087900000|  0%| F|  |TAMS 0x0000000087800000, 0x0000000087800000| Untracked 
|  83|0x0000000087900000, 0x0000000087900000, 0x0000000087a00000|  0%| F|  |TAMS 0x0000000087900000, 0x0000000087900000| Untracked 
|  84|0x0000000087a00000, 0x0000000087a00000, 0x0000000087b00000|  0%| F|  |TAMS 0x0000000087a00000, 0x0000000087a00000| Untracked 
|  85|0x0000000087b00000, 0x0000000087b00000, 0x0000000087c00000|  0%| F|  |TAMS 0x0000000087b00000, 0x0000000087b00000| Untracked 
|  86|0x0000000087c00000, 0x0000000087c00000, 0x0000000087d00000|  0%| F|  |TAMS 0x0000000087c00000, 0x0000000087c00000| Untracked 
|  87|0x0000000087d00000, 0x0000000087d00000, 0x0000000087e00000|  0%| F|  |TAMS 0x0000000087d00000, 0x0000000087d00000| Untracked 
|  88|0x0000000087e00000, 0x0000000087e00000, 0x0000000087f00000|  0%| F|  |TAMS 0x0000000087e00000, 0x0000000087e00000| Untracked 
|  89|0x0000000087f00000, 0x0000000087f00000, 0x0000000088000000|  0%| F|  |TAMS 0x0000000087f00000, 0x0000000087f00000| Untracked 
|  90|0x0000000088000000, 0x0000000088000000, 0x0000000088100000|  0%| F|  |TAMS 0x0000000088000000, 0x0000000088000000| Untracked 
|  91|0x0000000088100000, 0x0000000088100000, 0x0000000088200000|  0%| F|  |TAMS 0x0000000088100000, 0x0000000088100000| Untracked 
|  92|0x0000000088200000, 0x0000000088200000, 0x0000000088300000|  0%| F|  |TAMS 0x0000000088200000, 0x0000000088200000| Untracked 
|  93|0x0000000088300000, 0x0000000088300000, 0x0000000088400000|  0%| F|  |TAMS 0x0000000088300000, 0x0000000088300000| Untracked 
|  94|0x0000000088400000, 0x0000000088400000, 0x0000000088500000|  0%| F|  |TAMS 0x0000000088400000, 0x0000000088400000| Untracked 
|  95|0x0000000088500000, 0x0000000088500000, 0x0000000088600000|  0%| F|  |TAMS 0x0000000088500000, 0x0000000088500000| Untracked 
|  96|0x0000000088600000, 0x0000000088600000, 0x0000000088700000|  0%| F|  |TAMS 0x0000000088600000, 0x0000000088600000| Untracked 
|  97|0x0000000088700000, 0x0000000088700000, 0x0000000088800000|  0%| F|  |TAMS 0x0000000088700000, 0x0000000088700000| Untracked 
|  98|0x0000000088800000, 0x0000000088800000, 0x0000000088900000|  0%| F|  |TAMS 0x0000000088800000, 0x0000000088800000| Untracked 
|  99|0x0000000088900000, 0x0000000088900000, 0x0000000088a00000|  0%| F|  |TAMS 0x0000000088900000, 0x0000000088900000| Untracked 
| 100|0x0000000088a00000, 0x0000000088a00000, 0x0000000088b00000|  0%| F|  |TAMS 0x0000000088a00000, 0x0000000088a00000| Untracked 
| 101|0x0000000088b00000, 0x0000000088b00000, 0x0000000088c00000|  0%| F|  |TAMS 0x0000000088b00000, 0x0000000088b00000| Untracked 
| 102|0x0000000088c00000, 0x0000000088c00000, 0x0000000088d00000|  0%| F|  |TAMS 0x0000000088c00000, 0x0000000088c00000| Untracked 
| 103|0x0000000088d00000, 0x0000000088d00000, 0x0000000088e00000|  0%| F|  |TAMS 0x0000000088d00000, 0x0000000088d00000| Untracked 
| 104|0x0000000088e00000, 0x0000000088e00000, 0x0000000088f00000|  0%| F|  |TAMS 0x0000000088e00000, 0x0000000088e00000| Untracked 
| 105|0x0000000088f00000, 0x0000000088f00000, 0x0000000089000000|  0%| F|  |TAMS 0x0000000088f00000, 0x0000000088f00000| Untracked 
| 106|0x0000000089000000, 0x0000000089000000, 0x0000000089100000|  0%| F|  |TAMS 0x0000000089000000, 0x0000000089000000| Untracked 
| 107|0x0000000089100000, 0x0000000089100000, 0x0000000089200000|  0%| F|  |TAMS 0x0000000089100000, 0x0000000089100000| Untracked 
| 108|0x0000000089200000, 0x0000000089200000, 0x0000000089300000|  0%| F|  |TAMS 0x0000000089200000, 0x0000000089200000| Untracked 
| 109|0x0000000089300000, 0x0000000089300000, 0x0000000089400000|  0%| F|  |TAMS 0x0000000089300000, 0x0000000089300000| Untracked 
| 110|0x0000000089400000, 0x0000000089400000, 0x0000000089500000|  0%| F|  |TAMS 0x0000000089400000, 0x0000000089400000| Untracked 
| 111|0x0000000089500000, 0x0000000089500000, 0x0000000089600000|  0%| F|  |TAMS 0x0000000089500000, 0x0000000089500000| Untracked 
| 112|0x0000000089600000, 0x000000008967b628, 0x0000000089700000| 48%| E|  |TAMS 0x0000000089600000, 0x0000000089600000| Complete 
| 113|0x0000000089700000, 0x0000000089800000, 0x0000000089800000|100%| E|CS|TAMS 0x0000000089700000, 0x0000000089700000| Complete 
| 114|0x0000000089800000, 0x0000000089900000, 0x0000000089900000|100%| E|CS|TAMS 0x0000000089800000, 0x0000000089800000| Complete 
| 115|0x0000000089900000, 0x0000000089a00000, 0x0000000089a00000|100%| E|CS|TAMS 0x0000000089900000, 0x0000000089900000| Complete 
| 116|0x0000000089a00000, 0x0000000089b00000, 0x0000000089b00000|100%| E|CS|TAMS 0x0000000089a00000, 0x0000000089a00000| Complete 
| 117|0x0000000089b00000, 0x0000000089c00000, 0x0000000089c00000|100%| E|CS|TAMS 0x0000000089b00000, 0x0000000089b00000| Complete 
| 118|0x0000000089c00000, 0x0000000089d00000, 0x0000000089d00000|100%| E|CS|TAMS 0x0000000089c00000, 0x0000000089c00000| Complete 
| 119|0x0000000089d00000, 0x0000000089e00000, 0x0000000089e00000|100%| E|CS|TAMS 0x0000000089d00000, 0x0000000089d00000| Complete 
| 120|0x0000000089e00000, 0x0000000089f00000, 0x0000000089f00000|100%| E|CS|TAMS 0x0000000089e00000, 0x0000000089e00000| Complete 
| 121|0x0000000089f00000, 0x000000008a000000, 0x000000008a000000|100%| E|  |TAMS 0x0000000089f00000, 0x0000000089f00000| Complete 
| 122|0x000000008a000000, 0x000000008a100000, 0x000000008a100000|100%| E|CS|TAMS 0x000000008a000000, 0x000000008a000000| Complete 
| 123|0x000000008a100000, 0x000000008a200000, 0x000000008a200000|100%| E|CS|TAMS 0x000000008a100000, 0x000000008a100000| Complete 
| 124|0x000000008a200000, 0x000000008a300000, 0x000000008a300000|100%| E|CS|TAMS 0x000000008a200000, 0x000000008a200000| Complete 
| 125|0x000000008a300000, 0x000000008a400000, 0x000000008a400000|100%| E|CS|TAMS 0x000000008a300000, 0x000000008a300000| Complete 

Card table byte_map: [0x00000218f2660000,0x00000218f2a50000] _byte_map_base: 0x00000218f224d000

Marking Bits (Prev, Next): (CMBitMap*) 0x00000218da13c8a8, (CMBitMap*) 0x00000218da13c8e0
 Prev Bits: [0x00000218f2e40000, 0x00000218f4da8000)
 Next Bits: [0x00000218f4db0000, 0x00000218f6d18000)

Polling page: 0x00000218d8860000

Metaspace:

Usage:
  Non-class:     11.13 MB capacity,    11.03 MB (>99%) used,    92.75 KB ( <1%) free+waste,    14.94 KB ( <1%) overhead. 
      Class:      1.15 MB capacity,     1.07 MB ( 93%) used,    77.32 KB (  7%) free+waste,     6.31 KB ( <1%) overhead. 
       Both:     12.28 MB capacity,    12.09 MB ( 98%) used,   170.07 KB (  1%) free+waste,    21.25 KB ( <1%) overhead. 

Virtual space:
  Non-class space:       12.00 MB reserved,      11.25 MB ( 94%) committed 
      Class space:        1.00 GB reserved,       1.25 MB ( <1%) committed 
             Both:        1.01 GB reserved,      12.50 MB (  1%) committed 

Chunk freelists:
   Non-Class:  55.00 KB
       Class:  9.00 KB
        Both:  64.00 KB

MaxMetaspaceSize: 17179869184.00 GB
CompressedClassSpaceSize: 1.00 GB

CodeHeap 'non-profiled nmethods': size=120000Kb used=264Kb max_used=264Kb free=119735Kb
 bounds [0x00000218ea2e0000, 0x00000218ea550000, 0x00000218f1810000]
CodeHeap 'profiled nmethods': size=120000Kb used=1520Kb max_used=1520Kb free=118479Kb
 bounds [0x00000218e2db0000, 0x00000218e3020000, 0x00000218ea2e0000]
CodeHeap 'non-nmethods': size=5760Kb used=1166Kb max_used=1180Kb free=4593Kb
 bounds [0x00000218e2810000, 0x00000218e2a80000, 0x00000218e2db0000]
 total_blobs=1426 nmethods=905 adapters=433
 compilation: enabled
              stopped_count=0, restarted_count=0
 full_count=0

Compilation events (20 events):
Event: 0.926 Thread 0x00000218f9790800 nmethod 892 0x00000218e2f27210 code [0x00000218e2f27420, 0x00000218e2f27b98]
Event: 0.926 Thread 0x00000218f9790800  886       3       java.util.ArrayList::iterator (9 bytes)
Event: 0.926 Thread 0x00000218f9790800 nmethod 886 0x00000218e2f27e10 code [0x00000218e2f27fe0, 0x00000218e2f28258]
Event: 0.926 Thread 0x00000218f9790800  887       3       java.util.ArrayList$Itr::<init> (26 bytes)
Event: 0.926 Thread 0x00000218f9790800 nmethod 887 0x00000218e2f28390 code [0x00000218e2f28540, 0x00000218e2f28718]
Event: 0.926 Thread 0x00000218f9790800  896       3       java.lang.invoke.MethodType::insertParameterTypes (121 bytes)
Event: 0.928 Thread 0x00000218f9790800 nmethod 896 0x00000218e2f28810 code [0x00000218e2f28b00, 0x00000218e2f29958]
Event: 0.928 Thread 0x00000218f9790800  891       1       com.sun.org.apache.xerces.internal.dom.AttrImpl::getNodeType (2 bytes)
Event: 0.928 Thread 0x00000218f9790800 nmethod 891 0x00000218ea31e990 code [0x00000218ea31eb40, 0x00000218ea31ebf8]
Event: 0.928 Thread 0x00000218f9790800  888       1       com.sun.org.apache.xerces.internal.utils.XMLSecurityManager$Limit::systemProperty (5 bytes)
Event: 0.928 Thread 0x00000218f9790800 nmethod 888 0x00000218ea31ec90 code [0x00000218ea31ee40, 0x00000218ea31eef8]
Event: 0.928 Thread 0x00000218f9790800  894       1       com.sun.org.apache.xerces.internal.dom.CoreDocumentImpl::changes (5 bytes)
Event: 0.928 Thread 0x00000218f9790800 nmethod 894 0x00000218ea31ef90 code [0x00000218ea31f140, 0x00000218ea31f1f8]
Event: 0.929 Thread 0x00000218f9790800  898       3       java.util.ArrayDeque::addLast (51 bytes)
Event: 0.929 Thread 0x00000218f9790800 nmethod 898 0x00000218e2f29f10 code [0x00000218e2f2a100, 0x00000218e2f2a598]
Event: 0.931 Thread 0x00000218facc1800 nmethod 866 0x00000218ea31f290 code [0x00000218ea31f460, 0x00000218ea31ff68]
Event: 0.936 Thread 0x00000218f9790800  900       3       java.util.WeakHashMap::put (162 bytes)
Event: 0.937 Thread 0x00000218f9790800 nmethod 900 0x00000218e2f2a710 code [0x00000218e2f2a9a0, 0x00000218e2f2b938]
Event: 0.937 Thread 0x00000218f9790800  901       3       java.net.URL::getDefaultPort (8 bytes)
Event: 0.937 Thread 0x00000218f9790800 nmethod 901 0x00000218e2f2be10 code [0x00000218e2f2bfc0, 0x00000218e2f2c198]

GC Heap History (0 events):
No events

Deoptimization events (20 events):
Event: 0.783 Thread 0x00000218da0f8000 DEOPT PACKING pc=0x00000218e2ecbb2e sp=0x0000006e362fe9b0
Event: 0.783 Thread 0x00000218da0f8000 DEOPT UNPACKING pc=0x00000218e2836dde sp=0x0000006e362fde60 mode 0
Event: 0.783 Thread 0x00000218da0f8000 DEOPT PACKING pc=0x00000218e2ecbb2e sp=0x0000006e362fe9b0
Event: 0.783 Thread 0x00000218da0f8000 DEOPT UNPACKING pc=0x00000218e2836dde sp=0x0000006e362fde60 mode 0
Event: 0.861 Thread 0x00000218da0f8000 Uncommon trap: trap_request=0xffffffc6 fr.pc=0x00000218ea2e9794 relative=0x0000000000000074
Event: 0.861 Thread 0x00000218da0f8000 Uncommon trap: reason=bimorphic_or_optimized_type_check action=maybe_recompile pc=0x00000218ea2e9794 method=java.util.AbstractCollection.isEmpty()Z @ 1 c2
Event: 0.861 Thread 0x00000218da0f8000 DEOPT PACKING pc=0x00000218ea2e9794 sp=0x0000006e362fd990
Event: 0.861 Thread 0x00000218da0f8000 DEOPT UNPACKING pc=0x00000218e283662f sp=0x0000006e362fd920 mode 2
Event: 0.861 Thread 0x00000218da0f8000 Uncommon trap: trap_request=0xffffffc6 fr.pc=0x00000218ea2e9794 relative=0x0000000000000074
Event: 0.861 Thread 0x00000218da0f8000 Uncommon trap: reason=bimorphic_or_optimized_type_check action=maybe_recompile pc=0x00000218ea2e9794 method=java.util.AbstractCollection.isEmpty()Z @ 1 c2
Event: 0.861 Thread 0x00000218da0f8000 DEOPT PACKING pc=0x00000218ea2e9794 sp=0x0000006e362fdb60
Event: 0.861 Thread 0x00000218da0f8000 DEOPT UNPACKING pc=0x00000218e283662f sp=0x0000006e362fdaf0 mode 2
Event: 0.862 Thread 0x00000218da0f8000 Uncommon trap: trap_request=0xffffffc6 fr.pc=0x00000218ea2e9794 relative=0x0000000000000074
Event: 0.862 Thread 0x00000218da0f8000 Uncommon trap: reason=bimorphic_or_optimized_type_check action=maybe_recompile pc=0x00000218ea2e9794 method=java.util.AbstractCollection.isEmpty()Z @ 1 c2
Event: 0.862 Thread 0x00000218da0f8000 DEOPT PACKING pc=0x00000218ea2e9794 sp=0x0000006e362fd990
Event: 0.862 Thread 0x00000218da0f8000 DEOPT UNPACKING pc=0x00000218e283662f sp=0x0000006e362fd920 mode 2
Event: 0.862 Thread 0x00000218da0f8000 Uncommon trap: trap_request=0xffffffc6 fr.pc=0x00000218ea2e9794 relative=0x0000000000000074
Event: 0.862 Thread 0x00000218da0f8000 Uncommon trap: reason=bimorphic_or_optimized_type_check action=maybe_recompile pc=0x00000218ea2e9794 method=java.util.AbstractCollection.isEmpty()Z @ 1 c2
Event: 0.862 Thread 0x00000218da0f8000 DEOPT PACKING pc=0x00000218ea2e9794 sp=0x0000006e362fdb60
Event: 0.862 Thread 0x00000218da0f8000 DEOPT UNPACKING pc=0x00000218e283662f sp=0x0000006e362fdaf0 mode 2

Classes redefined (0 events):
No events

Internal exceptions (11 events):
Event: 0.875 Thread 0x00000218da0f8000 Exception <a 'java/lang/NoSuchMethodError'{0x000000008999ef80}: 'java.lang.Object java.lang.invoke.DirectMethodHandle$Holder.invokeStatic(java.lang.Object, java.lang.Object, java.lang.Object, java.lang.Object, java.lang.Object, java.lang.Object, java.lang.Object, java.lang.Object, java.lang.Object, java.lang.Object, java.lang.Object, java.lang.Object, java.lang.Object, java.lang.Object, java.lang.Object)'> (0x000000008999ef80) thrown at [./src/hotspot/share/interpreter/linkResolver.cpp, line 773]
Event: 0.876 Thread 0x00000218da0f8000 Exception <a 'java/lang/NoSuchMethodError'{0x00000000899acf10}: 'java.lang.Object java.lang.invoke.DirectMethodHandle$Holder.invokeStatic(java.lang.Object, java.lang.Object, java.lang.Object, java.lang.Object, java.lang.Object, java.lang.Object, java.lang.Object, java.lang.Object, java.lang.Object, java.lang.Object, java.lang.Object, java.lang.Object, java.lang.Object, java.lang.Object, java.lang.Object, java.lang.Object)'> (0x00000000899acf10) thrown at [./src/hotspot/share/interpreter/linkResolver.cpp, l
Event: 0.878 Thread 0x00000218da0f8000 Exception <a 'java/lang/NoSuchMethodError'{0x00000000899bc088}: 'java.lang.Object java.lang.invoke.DirectMethodHandle$Holder.invokeSpecial(java.lang.Object, java.lang.Object, int, int, java.lang.Object, java.lang.Object, java.lang.Object)'> (0x00000000899bc088) thrown at [./src/hotspot/share/interpreter/linkResolver.cpp, line 773]
Event: 0.878 Thread 0x00000218da0f8000 Exception <a 'java/lang/NoSuchMethodError'{0x00000000899bf618}: 'java.lang.Object java.lang.invoke.DelegatingMethodHandle$Holder.reinvoke_L(java.lang.Object, int, int, java.lang.Object, java.lang.Object, java.lang.Object)'> (0x00000000899bf618) thrown at [./src/hotspot/share/interpreter/linkResolver.cpp, line 773]
Event: 0.879 Thread 0x00000218da0f8000 Exception <a 'java/lang/NoSuchMethodError'{0x00000000899c3a98}: 'java.lang.Object java.lang.invoke.DirectMethodHandle$Holder.invokeStatic(java.lang.Object, java.lang.Object, java.lang.Object, java.lang.Object, int)'> (0x00000000899c3a98) thrown at [./src/hotspot/share/interpreter/linkResolver.cpp, line 773]
Event: 0.925 Thread 0x00000218da0f8000 Exception <a 'java/security/PrivilegedActionException'{0x000000008977bab8}> (0x000000008977bab8) thrown at [./src/hotspot/share/prims/jvm.cpp, line 1306]
Event: 0.925 Thread 0x00000218da0f8000 Exception <a 'java/security/PrivilegedActionException'{0x000000008977e268}> (0x000000008977e268) thrown at [./src/hotspot/share/prims/jvm.cpp, line 1306]
Event: 0.925 Thread 0x00000218da0f8000 Exception <a 'java/security/PrivilegedActionException'{0x000000008977f260}> (0x000000008977f260) thrown at [./src/hotspot/share/prims/jvm.cpp, line 1306]
Event: 0.926 Thread 0x00000218da0f8000 Exception <a 'java/security/PrivilegedActionException'{0x000000008978c540}> (0x000000008978c540) thrown at [./src/hotspot/share/prims/jvm.cpp, line 1306]
Event: 0.926 Thread 0x00000218da0f8000 Exception <a 'java/security/PrivilegedActionException'{0x000000008978d100}> (0x000000008978d100) thrown at [./src/hotspot/share/prims/jvm.cpp, line 1306]
Event: 0.926 Thread 0x00000218da0f8000 Exception <a 'java/security/PrivilegedActionException'{0x000000008978dc80}> (0x000000008978dc80) thrown at [./src/hotspot/share/prims/jvm.cpp, line 1306]

Events (20 events):
Event: 0.923 loading class org/newdawn/slick/openal/SoundStore$1
Event: 0.923 loading class org/newdawn/slick/openal/SoundStore$1 done
Event: 0.923 loading class org/lwjgl/openal/AL
Event: 0.923 loading class org/lwjgl/openal/AL done
Event: 0.924 loading class org/lwjgl/LWJGLUtil$3
Event: 0.924 loading class org/lwjgl/LWJGLUtil$3 done
Event: 0.924 loading class java/util/StringJoiner
Event: 0.924 loading class java/util/StringJoiner done
Event: 0.925 loading class java/lang/ClassFormatError
Event: 0.925 loading class java/lang/ClassFormatError done
Event: 0.927 loading class org/lwjgl/openal/AL10
Event: 0.927 loading class org/lwjgl/openal/AL10 done
Event: 0.928 loading class org/lwjgl/openal/ALC10
Event: 0.928 loading class org/lwjgl/openal/ALC10 done
Event: 0.935 loading class org/lwjgl/openal/ALCdevice
Event: 0.935 loading class org/lwjgl/openal/ALCdevice done
Event: 0.936 loading class org/lwjgl/openal/ALCcontext
Event: 0.936 loading class org/lwjgl/openal/ALCcontext done
Event: 0.936 loading class org/lwjgl/openal/Util
Event: 0.936 loading class org/lwjgl/openal/Util done


Dynamic libraries:
0x00007ff766fc0000 - 0x00007ff766fcd000 	C:\Users\DCV\.jdks\corretto-11.0.11\bin\java.exe
0x00007ffe081f0000 - 0x00007ffe083e5000 	C:\Windows\SYSTEM32\ntdll.dll
0x00007ffe07290000 - 0x00007ffe0734d000 	C:\Windows\System32\KERNEL32.DLL
0x00007ffe05930000 - 0x00007ffe05bf8000 	C:\Windows\System32\KERNELBASE.dll
0x00007ffe06080000 - 0x00007ffe06180000 	C:\Windows\System32\ucrtbase.dll
0x00007ffe00be0000 - 0x00007ffe00bf9000 	C:\Users\DCV\.jdks\corretto-11.0.11\bin\VCRUNTIME140.dll
0x00007ffe02910000 - 0x00007ffe02927000 	C:\Users\DCV\.jdks\corretto-11.0.11\bin\jli.dll
0x00007ffe07f10000 - 0x00007ffe080b0000 	C:\Windows\System32\USER32.dll
0x00007ffe06180000 - 0x00007ffe061a2000 	C:\Windows\System32\win32u.dll
0x00007ffdf3af0000 - 0x00007ffdf3d8a000 	C:\Windows\WinSxS\amd64_microsoft.windows.common-controls_6595b64144ccf1df_6.0.19041.844_none_ca00b6081b84eb1d\COMCTL32.dll
0x00007ffe064a0000 - 0x00007ffe064ca000 	C:\Windows\System32\GDI32.dll
0x00007ffe080b0000 - 0x00007ffe0814e000 	C:\Windows\System32\msvcrt.dll
0x00007ffe05d80000 - 0x00007ffe05e8b000 	C:\Windows\System32\gdi32full.dll
0x00007ffe061b0000 - 0x00007ffe0624d000 	C:\Windows\System32\msvcp_win.dll
0x00007ffe07e00000 - 0x00007ffe07e30000 	C:\Windows\System32\IMM32.DLL
0x00007ffe00b40000 - 0x00007ffe00bdb000 	C:\Users\DCV\.jdks\corretto-11.0.11\bin\msvcp140.dll
0x00007ffde2bd0000 - 0x00007ffde371c000 	C:\Users\DCV\.jdks\corretto-11.0.11\bin\server\jvm.dll
0x00007ffe06250000 - 0x00007ffe062fc000 	C:\Windows\System32\ADVAPI32.dll
0x00007ffe066e0000 - 0x00007ffe0677b000 	C:\Windows\System32\sechost.dll
0x00007ffe07080000 - 0x00007ffe071ab000 	C:\Windows\System32\RPCRT4.dll
0x00007ffe07280000 - 0x00007ffe07288000 	C:\Windows\System32\PSAPI.DLL
0x00007ffde97a0000 - 0x00007ffde97a9000 	C:\Windows\SYSTEM32\WSOCK32.dll
0x00007ffdf3ac0000 - 0x00007ffdf3ae7000 	C:\Windows\SYSTEM32\WINMM.dll
0x00007ffe03540000 - 0x00007ffe0354a000 	C:\Windows\SYSTEM32\VERSION.dll
0x00007ffe07210000 - 0x00007ffe0727b000 	C:\Windows\System32\WS2_32.dll
0x00007ffe04230000 - 0x00007ffe04242000 	C:\Windows\SYSTEM32\kernel.appcore.dll
0x00007ffe00d30000 - 0x00007ffe00d40000 	C:\Users\DCV\.jdks\corretto-11.0.11\bin\verify.dll
0x00007ffe031c0000 - 0x00007ffe033a4000 	C:\Windows\SYSTEM32\DBGHELP.DLL
0x00007ffdefb90000 - 0x00007ffdefbbc000 	C:\Windows\SYSTEM32\dbgcore.DLL
0x00007ffe05cb0000 - 0x00007ffe05d30000 	C:\Windows\System32\bcryptPrimitives.dll
0x00007ffe00110000 - 0x00007ffe00138000 	C:\Users\DCV\.jdks\corretto-11.0.11\bin\java.dll
0x00007ffe00b30000 - 0x00007ffe00b3a000 	C:\Users\DCV\.jdks\corretto-11.0.11\bin\jimage.dll
0x00007ffe000e0000 - 0x00007ffe000ee000 	C:\Users\DCV\.jdks\corretto-11.0.11\bin\instrument.dll
0x00007ffe000f0000 - 0x00007ffe00107000 	C:\Users\DCV\.jdks\corretto-11.0.11\bin\zip.dll
0x00007ffe06810000 - 0x00007ffe06f52000 	C:\Windows\System32\SHELL32.dll
0x00007ffe03a50000 - 0x00007ffe041e1000 	C:\Windows\SYSTEM32\windows.storage.dll
0x00007ffe07a80000 - 0x00007ffe07dd5000 	C:\Windows\System32\combase.dll
0x00007ffe053a0000 - 0x00007ffe053cc000 	C:\Windows\SYSTEM32\Wldp.dll
0x00007ffe077d0000 - 0x00007ffe0787e000 	C:\Windows\System32\SHCORE.dll
0x00007ffe071b0000 - 0x00007ffe07205000 	C:\Windows\System32\shlwapi.dll
0x00007ffe05870000 - 0x00007ffe0588f000 	C:\Windows\SYSTEM32\profapi.dll
0x00007ffdffea0000 - 0x00007ffdffeb9000 	C:\Users\DCV\.jdks\corretto-11.0.11\bin\net.dll
0x00007ffdfe830000 - 0x00007ffdfe93b000 	C:\Windows\SYSTEM32\WINHTTP.dll
0x00007ffe050a0000 - 0x00007ffe0510a000 	C:\Windows\system32\mswsock.dll
0x00007ffdff700000 - 0x00007ffdff712000 	C:\Users\DCV\.jdks\corretto-11.0.11\bin\nio.dll
0x00007ffdff6e0000 - 0x00007ffdff6fa000 	C:\Program Files\JetBrains\IntelliJ IDEA Community Edition 2020.3.2\bin\breakgen64.dll
0x0000000180000000 - 0x0000000180053000 	C:\Users\DCV\Documents\Projects\GameEngine\native\lwjgl64.dll
0x00007ffdeda20000 - 0x00007ffdedb46000 	C:\Windows\SYSTEM32\OPENGL32.dll
0x00007ffded9f0000 - 0x00007ffdeda1c000 	C:\Windows\SYSTEM32\GLU32.dll
0x00007ffdff750000 - 0x00007ffdff7fe000 	C:\Windows\SYSTEM32\mscms.dll
0x00007ffe05830000 - 0x00007ffe0585e000 	C:\Windows\SYSTEM32\USERENV.dll
0x00007ffdff670000 - 0x00007ffdff681000 	C:\Windows\SYSTEM32\ColorAdapterClient.dll
0x00007ffe07880000 - 0x00007ffe0794d000 	C:\Windows\System32\OLEAUT32.dll
0x00007ffe02b40000 - 0x00007ffe02bde000 	C:\Windows\system32\uxtheme.dll
0x00007ffe06f60000 - 0x00007ffe07075000 	C:\Windows\System32\MSCTF.dll
0x00007ffe063f0000 - 0x00007ffe06499000 	C:\Windows\System32\clbcatq.dll
0x00007ffdb29e0000 - 0x00007ffdb3972000 	C:\Windows\System32\DriverStore\FileRepository\iigd_dch.inf_amd64_c09cf47d735b4c90\ig9icd64.dll
0x00007ffe07950000 - 0x00007ffe07a7a000 	C:\Windows\System32\ole32.dll
0x00007ffe02e90000 - 0x00007ffe02ebf000 	C:\Windows\system32\dwmapi.dll
0x00007ffe04270000 - 0x00007ffe04363000 	C:\Windows\system32\dxgi.dll
0x00007ffdc2af0000 - 0x00007ffdc2edb000 	C:\Windows\System32\DriverStore\FileRepository\iigd_dch.inf_amd64_c09cf47d735b4c90\igdml64.dll
0x00007ffdf81c0000 - 0x00007ffdf8488000 	C:\Windows\System32\DriverStore\FileRepository\iigd_dch.inf_amd64_c09cf47d735b4c90\igdgmm64.dll
0x00007ffdef120000 - 0x00007ffdef219000 	C:\Windows\SYSTEM32\textinputframework.dll
0x00007ffe01f80000 - 0x00007ffe022de000 	C:\Windows\System32\CoreUIComponents.dll
0x00007ffe02670000 - 0x00007ffe02762000 	C:\Windows\System32\CoreMessaging.dll
0x00007ffe046b0000 - 0x00007ffe046e3000 	C:\Windows\SYSTEM32\ntmarta.dll
0x00007ffe00e60000 - 0x00007ffe00fb4000 	C:\Windows\SYSTEM32\wintypes.dll
0x00007ffdeaa40000 - 0x00007ffdeaa83000 	C:\Windows\SYSTEM32\icm32.dll
0x00007ffdf5600000 - 0x00007ffdf81b6000 	C:\Windows\System32\DriverStore\FileRepository\iigd_dch.inf_amd64_c09cf47d735b4c90\igc64.dll
0x00007ffe05350000 - 0x00007ffe0539b000 	C:\Windows\SYSTEM32\powrprof.dll
0x00007ffe05330000 - 0x00007ffe05342000 	C:\Windows\SYSTEM32\UMPDC.dll
0x00007ffde1890000 - 0x00007ffde1a29000 	C:\Users\DCV\.jdks\corretto-11.0.11\bin\awt.dll
0x00007ffe029b0000 - 0x00007ffe02a40000 	C:\Windows\SYSTEM32\apphelp.dll
0x0000021884280000 - 0x0000021884296000 	C:\Users\DCV\Documents\Projects\GameEngine\native\jinput-dx8_64.dll
0x00007ffde2900000 - 0x00007ffde2945000 	C:\Windows\SYSTEM32\DINPUT8.dll
0x00007ffde9190000 - 0x00007ffde92e2000 	C:\Windows\SYSTEM32\inputhost.dll
0x00007ffe00c00000 - 0x00007ffe00cf7000 	C:\Windows\SYSTEM32\PROPSYS.dll
0x00007ffe041f0000 - 0x00007ffe041fd000 	C:\Windows\SYSTEM32\HID.DLL
0x00007ffe07360000 - 0x00007ffe077c9000 	C:\Windows\System32\SETUPAPI.DLL
0x00007ffe05d30000 - 0x00007ffe05d7e000 	C:\Windows\System32\cfgmgr32.dll
0x00007ffe06050000 - 0x00007ffe06077000 	C:\Windows\System32\bcrypt.dll
0x00007ffe05700000 - 0x00007ffe0572c000 	C:\Windows\SYSTEM32\DEVOBJ.dll
0x00007ffe05ff0000 - 0x00007ffe06050000 	C:\Windows\System32\WINTRUST.dll
0x00007ffe05e90000 - 0x00007ffe05fef000 	C:\Windows\System32\CRYPT32.dll
0x00007ffe05520000 - 0x00007ffe05532000 	C:\Windows\SYSTEM32\MSASN1.dll
0x0000021884300000 - 0x0000021884314000 	C:\Users\DCV\Documents\Projects\GameEngine\native\jinput-raw_64.dll
0x0000021884380000 - 0x00000218843e4000 	C:\Users\DCV\Documents\Projects\GameEngine\native\OpenAL64.dll
0x00007ffdfce50000 - 0x00007ffdfced5000 	C:\Windows\System32\MMDevApi.dll
0x00007ffdc2a50000 - 0x00007ffdc2aec000 	C:\Windows\SYSTEM32\dsound.dll
0x00007ffdeaeb0000 - 0x00007ffdeaed6000 	C:\Windows\SYSTEM32\winmmbase.dll
0x00007ffdfd4e0000 - 0x00007ffdfd661000 	C:\Windows\SYSTEM32\AUDIOSES.DLL

dbghelp: loaded successfully - version: 4.0.5 - missing functions: none
symbol engine: initialized successfully - sym options: 0x614 - pdb path: .;C:\Users\DCV\.jdks\corretto-11.0.11\bin;C:\Windows\SYSTEM32;C:\Windows\WinSxS\amd64_microsoft.windows.common-controls_6595b64144ccf1df_6.0.19041.844_none_ca00b6081b84eb1d;C:\Users\DCV\.jdks\corretto-11.0.11\bin\server;C:\Program Files\JetBrains\IntelliJ IDEA Community Edition 2020.3.2\bin;C:\Users\DCV\Documents\Projects\GameEngine\native;C:\Windows\System32\DriverStore\FileRepository\iigd_dch.inf_amd64_c09cf47d735b4c90

VM Arguments:
jvm_args: -Djava.library.path=C:\Users\DCV\Documents\Projects\GameEngine\native -javaagent:C:\Program Files\JetBrains\IntelliJ IDEA Community Edition 2020.3.2\lib\idea_rt.jar=51148:C:\Program Files\JetBrains\IntelliJ IDEA Community Edition 2020.3.2\bin -Dfile.encoding=UTF-8 
java_command: at.ran.games.RocketGame.Main
java_class_path (initial): C:\Users\DCV\Documents\Projects\GameEngine\out\production\Slick2DTemplate;C:\Users\DCV\Documents\Projects\GameEngine\lib\jogg-0.0.7.jar;C:\Users\DCV\Documents\Projects\GameEngine\lib\jnlp.jar;C:\Users\DCV\Documents\Projects\GameEngine\lib\natives-mac.jar;C:\Users\DCV\Documents\Projects\GameEngine\lib\ibxm.jar;C:\Users\DCV\Documents\Projects\GameEngine\lib\slick.jar;C:\Users\DCV\Documents\Projects\GameEngine\lib\lwjgl_util.jar;C:\Users\DCV\Documents\Projects\GameEngine\lib\natives-windows.jar;C:\Users\DCV\Documents\Projects\GameEngine\lib\tinylinepp.jar;C:\Users\DCV\Documents\Projects\GameEngine\lib\slick-examples.jar;C:\Users\DCV\Documents\Projects\GameEngine\lib\jinput.jar;C:\Users\DCV\Documents\Projects\GameEngine\lib\lwjgl.jar;C:\Users\DCV\Documents\Projects\GameEngine\lib\jorbis-0.0.15.jar;C:\Users\DCV\Documents\Projects\GameEngine\lib\lwjgl_util_applet.jar;C:\Users\DCV\Documents\Projects\GameEngine\lib\natives-linux.jar
Launcher Type: SUN_STANDARD

[Global flags]
     intx CICompilerCount                          = 4                                         {product} {ergonomic}
     uint ConcGCThreads                            = 2                                         {product} {ergonomic}
     uint G1ConcRefinementThreads                  = 8                                         {product} {ergonomic}
   size_t G1HeapRegionSize                         = 1048576                                   {product} {ergonomic}
    uintx GCDrainStackTargetSize                   = 64                                        {product} {ergonomic}
   size_t InitialHeapSize                          = 132120576                                 {product} {ergonomic}
   size_t MarkStackSize                            = 4194304                                   {product} {ergonomic}
   size_t MaxHeapSize                              = 2107637760                                {product} {ergonomic}
   size_t MaxNewSize                               = 1264582656                                {product} {ergonomic}
   size_t MinHeapDeltaBytes                        = 1048576                                   {product} {ergonomic}
    uintx NonNMethodCodeHeapSize                   = 5836300                                {pd product} {ergonomic}
    uintx NonProfiledCodeHeapSize                  = 122910970                              {pd product} {ergonomic}
    uintx ProfiledCodeHeapSize                     = 122910970                              {pd product} {ergonomic}
    uintx ReservedCodeCacheSize                    = 251658240                              {pd product} {ergonomic}
     bool SegmentedCodeCache                       = true                                      {product} {ergonomic}
     bool UseCompressedClassPointers               = true                                 {lp64_product} {ergonomic}
     bool UseCompressedOops                        = true                                 {lp64_product} {ergonomic}
     bool UseG1GC                                  = true                                      {product} {ergonomic}
     bool UseLargePagesIndividualAllocation        = false                                  {pd product} {ergonomic}

Logging:
Log output configuration:
 #0: stdout all=warning uptime,level,tags
 #1: stderr all=off uptime,level,tags

Environment Variables:
PATH=C:\Windows\system32;C:\Windows;C:\Windows\System32\Wbem;C:\Windows\System32\WindowsPowerShell\v1.0\;C:\Windows\System32\OpenSSH\;C:\Program Files\Intel\WiFi\bin\;C:\Program Files\Common Files\Intel\WirelessCommon\;C:\Program Files\Git\cmd;C:\Program Files\Microsoft SQL Server\130\Tools\Binn\;C:\Program Files\Microsoft SQL Server\Client SDK\ODBC\170\Tools\Binn\;C:\Program Files\dotnet\;C:\Users\DCV\AppData\Local\Microsoft\WindowsApps;C:\Users\DCV\.dotnet\tools
USERNAME=DCV
OS=Windows_NT
PROCESSOR_IDENTIFIER=Intel64 Family 6 Model 142 Stepping 10, GenuineIntel



---------------  S Y S T E M  ---------------

OS: Windows 10 , 64 bit Build 19041 (10.0.19041.928)
OS uptime: 2 days 1:26 hours

CPU:total 8 (initial active 8) (4 cores per cpu, 2 threads per core) family 6 model 142 stepping 10 microcode 0xe0, cmov, cx8, fxsr, mmx, sse, sse2, sse3, ssse3, sse4.1, sse4.2, popcnt, avx, avx2, aes, clmul, erms, rtm, 3dnowpref, lzcnt, ht, tsc, tscinvbit, bmi1, bmi2, adx, fma

Memory: 4k page, system-wide physical 8035M (3655M free)
TotalPageFile size 10339M (AvailPageFile size 4435M)
current process WorkingSet (physical memory assigned to process): 157M, peak: 157M
current process commit charge ("private bytes"): 281M, peak: 281M

vm_info: OpenJDK 64-Bit Server VM (11.0.11+9-LTS) for windows-amd64 JRE (11.0.11+9-LTS), built on Apr 14 2021 00:00:20 by "Administrator" with MS VC++ 15.9 (VS2017)

END.
